witch hunt	type=veto
witch-hunt	type=veto
witch hunting	type=veto
witch-hunting	type=veto
witch hunted	type=veto
witch-hunted	type=veto
brown nose	type=veto
brown-nose	type=veto
brown-nosing	type=veto
brown nosing	type=veto
brown-noser	type=veto
brown noser	type=veto
black and blue	type=veto
black-and-blue	type=veto
black and white	type=veto
black-and-white	type=veto
polish a turd	type=veto
jonathan spink	type=veto
cressida dick	type=veto
ed balls	type=veto
slag off	type=veto
by the pussy	type=veto
pussy grabbing	type=veto
pussy footing	type=veto
pussy cat	type=veto
pussy cats	type=veto
pussy whipped	type=veto
poor bastards	type=veto
lucky bitch	type=veto
got your ass	type=veto
bet your ass	type=veto
my nigga	type=veto
knee jerk	type=veto
holy shit	type=veto
holy fucking shit	type=veto
bloody hell	type=veto
fucking hell	type=veto
fuck you mentality	type=veto
you have a stupid	type=veto
your pathetic	type=veto
your stupid	type=veto
give a fuck	type=veto
